#! /c/Source/iverilog-install/bin/vvp
:ivl_version "12.0 (devel)" "(s20150603-1539-g2693dd32b)";
:ivl_delay_selection "TYPICAL";
:vpi_time_precision - 9;
:vpi_module "C:\iverilog\lib\ivl\system.vpi";
:vpi_module "C:\iverilog\lib\ivl\vhdl_sys.vpi";
:vpi_module "C:\iverilog\lib\ivl\vhdl_textio.vpi";
:vpi_module "C:\iverilog\lib\ivl\v2005_math.vpi";
:vpi_module "C:\iverilog\lib\ivl\va_math.vpi";
S_000002679761efb0 .scope module, "crc_tb" "crc_tb" 2 23;
 .timescale -9 -9;
v00000267976a5320_0 .var "clk", 0 0;
v00000267976a55a0_0 .net "crc_out", 31 0, v00000267976a5280_0;  1 drivers
v00000267976a4ec0_0 .net "crc_ready", 0 0, v00000267976a5460_0;  1 drivers
v00000267976a5640_0 .var "data_in", 7 0;
v00000267976a4f60_0 .var/i "data_length", 31 0;
v00000267976a4a60_0 .var "data_valid", 0 0;
v00000267976a5140_0 .var/i "i", 31 0;
v00000267976a4c40_0 .var/i "input_file", 31 0;
v00000267976a56e0_0 .var "input_filename", 800 1;
v00000267976a4ba0_0 .var/i "j", 31 0;
v00000267976a7540_0 .var/i "max_tests", 31 0;
v00000267976a7220_0 .var/i "output_file", 31 0;
v00000267976a75e0_0 .var "output_filename", 800 1;
v00000267976a6640_0 .var "rst_n", 0 0;
v00000267976a7ae0_0 .var/i "scan_result", 31 0;
v00000267976a6d20_0 .var "start", 0 0;
v00000267976a6f00 .array "test_data", 1023 0, 7 0;
v00000267976a6320_0 .var "valid_test", 0 0;
E_000002679761d490 .event anyedge, v00000267976a5460_0;
S_0000026797620c30 .scope module, "crc_inst" "crc" 2 56, 3 2 0, S_000002679761efb0;
 .timescale -9 -9;
    .port_info 0 /INPUT 1 "clk";
    .port_info 1 /INPUT 1 "rst_n";
    .port_info 2 /INPUT 1 "data_valid";
    .port_info 3 /INPUT 1 "start";
    .port_info 4 /INPUT 8 "data_in";
    .port_info 5 /OUTPUT 1 "crc_ready";
    .port_info 6 /OUTPUT 32 "crc_out";
P_0000026797623d40 .param/l "bits" 0 3 3, C4<00000000000000000000000000100000>;
P_0000026797623d78 .param/l "init" 0 3 5, C4<11111111111111111111111111111111>;
P_0000026797623db0 .param/l "poly" 0 3 4, C4<0111100010000001111111001110000011>;
P_0000026797623de8 .param/l "refin" 0 3 6, C4<0>;
P_0000026797623e20 .param/l "refout" 0 3 7, C4<0>;
P_0000026797623e58 .param/l "xorout" 0 3 8, C4<00000000000000000000000000000000>;
v00000267976a53c0_0 .net "clk", 0 0, v00000267976a5320_0;  1 drivers
v00000267976a5000_0 .net "crc_next", 31 0, v00000267976a5820_0;  1 drivers
v00000267976a5280_0 .var "crc_out", 31 0;
v00000267976a5460_0 .var "crc_ready", 0 0;
v00000267976a4d80_0 .var "crc_reg", 31 0;
v00000267976a5780_0 .net "data_in", 7 0, v00000267976a5640_0;  1 drivers
v00000267976a51e0_0 .var "data_processed", 0 0;
v00000267976a5500_0 .net "data_valid", 0 0, v00000267976a4a60_0;  1 drivers
v00000267976a5960_0 .net "rst_n", 0 0, v00000267976a6640_0;  1 drivers
v00000267976a4b00_0 .net "start", 0 0, v00000267976a6d20_0;  1 drivers
E_000002679761d390/0 .event negedge, v00000267976a5960_0;
E_000002679761d390/1 .event posedge, v00000267976a53c0_0;
E_000002679761d390 .event/or E_000002679761d390/0, E_000002679761d390/1;
S_0000026797620dc0 .scope function.vec4.s32, "reflect" "reflect" 3 33, 3 33 0, S_0000026797620c30;
 .timescale -9 -9;
v000002679761fd90_0 .var "data", 31 0;
v0000026797620f50_0 .var/i "i", 31 0;
; Variable reflect is vec4 return value of scope S_0000026797620dc0
TD_crc_tb.crc_inst.reflect ;
    %pushi/vec4 0, 0, 32;
    %ret/vec4 0, 0, 32;  Assign to reflect (store_vec4_to_lval)
    %pushi/vec4 0, 0, 32;
    %store/vec4 v0000026797620f50_0, 0, 32;
T_0.0 ;
    %load/vec4 v0000026797620f50_0;
    %cmpi/u 32, 0, 32;
    %jmp/0xz T_0.1, 5;
    %retload/vec4 0; Load reflect (draw_signal_vec4)
    %load/vec4 v000002679761fd90_0;
    %load/vec4 v0000026797620f50_0;
    %part/s 1;
    %pad/u 32;
    %pushi/vec4 31, 0, 32;
    %load/vec4 v0000026797620f50_0;
    %sub;
    %ix/vec4 4;
    %shiftl 4;
    %or;
    %ret/vec4 0, 0, 32;  Assign to reflect (store_vec4_to_lval)
    %load/vec4 v0000026797620f50_0;
    %addi 1, 0, 32;
    %store/vec4 v0000026797620f50_0, 0, 32;
    %jmp T_0.0;
T_0.1 ;
    %end;
S_0000026797634e70 .scope module, "uut" "crc_process_byte" 3 25, 4 1 0, S_0000026797620c30;
 .timescale -9 -9;
    .port_info 0 /INPUT 1 "refin_in";
    .port_info 1 /INPUT 8 "byte_in";
    .port_info 2 /INPUT 32 "crc_in";
    .port_info 3 /OUTPUT 32 "crc_out";
P_000002679761e4d0 .param/l "bits" 0 4 2, C4<00000000000000000000000000100000>;
P_000002679761e508 .param/l "poly" 0 4 3, C4<0111100010000001111111001110000011>;
v0000026797629d60_0 .net "byte_in", 7 0, v00000267976a5640_0;  alias, 1 drivers
v0000026797629e00_0 .var "byte_reg", 7 0;
v00000267976a4e20_0 .net "crc_in", 31 0, v00000267976a4d80_0;  1 drivers
v00000267976a5820_0 .var "crc_out", 31 0;
v00000267976a58c0_0 .var "crc_reg", 31 0;
v00000267976a4ce0_0 .var/i "i", 31 0;
L_00000267976e0088 .functor BUFT 1, C4<0>, C4<0>, C4<0>, C4<0>;
v00000267976a50a0_0 .net "refin_in", 0 0, L_00000267976e0088;  1 drivers
E_000002679761d250/0 .event anyedge, v00000267976a50a0_0, v0000026797629d60_0, v00000267976a4e20_0, v0000026797629e00_0;
E_000002679761d250/1 .event anyedge, v00000267976a58c0_0;
E_000002679761d250 .event/or E_000002679761d250/0, E_000002679761d250/1;
S_0000026797635000 .scope function.vec4.s8, "reflect" "reflect" 4 34, 4 34 0, S_0000026797634e70;
 .timescale -9 -9;
v000002679761ed30_0 .var "data", 7 0;
v0000026797635190_0 .var/i "i", 31 0;
; Variable reflect is vec4 return value of scope S_0000026797635000
TD_crc_tb.crc_inst.uut.reflect ;
    %pushi/vec4 0, 0, 8;
    %ret/vec4 0, 0, 8;  Assign to reflect (store_vec4_to_lval)
    %pushi/vec4 0, 0, 32;
    %store/vec4 v0000026797635190_0, 0, 32;
T_1.2 ;
    %load/vec4 v0000026797635190_0;
    %cmpi/s 8, 0, 32;
    %jmp/0xz T_1.3, 5;
    %retload/vec4 0; Load reflect (draw_signal_vec4)
    %load/vec4 v000002679761ed30_0;
    %load/vec4 v0000026797635190_0;
    %part/s 1;
    %pad/u 8;
    %pushi/vec4 7, 0, 32;
    %load/vec4 v0000026797635190_0;
    %sub;
    %ix/vec4 4;
    %shiftl 4;
    %or;
    %ret/vec4 0, 0, 8;  Assign to reflect (store_vec4_to_lval)
    %load/vec4 v0000026797635190_0;
    %addi 1, 0, 32;
    %store/vec4 v0000026797635190_0, 0, 32;
    %jmp T_1.2;
T_1.3 ;
    %end;
    .scope S_0000026797634e70;
T_2 ;
    %wait E_000002679761d250;
    %load/vec4 v00000267976a50a0_0;
    %flag_set/vec4 8;
    %jmp/0 T_2.0, 8;
    %load/vec4 v0000026797629d60_0;
    %store/vec4 v000002679761ed30_0, 0, 8;
    %callf/vec4 TD_crc_tb.crc_inst.uut.reflect, S_0000026797635000;
    %jmp/1 T_2.1, 8;
T_2.0 ; End of true expr.
    %load/vec4 v0000026797629d60_0;
    %jmp/0 T_2.1, 8;
 ; End of false expr.
    %blend;
T_2.1;
    %store/vec4 v0000026797629e00_0, 0, 8;
    %load/vec4 v00000267976a4e20_0;
    %load/vec4 v0000026797629e00_0;
    %pad/u 32;
    %ix/load 4, 24, 0;
    %flag_set/imm 4, 0;
    %shiftl 4;
    %xor;
    %store/vec4 v00000267976a58c0_0, 0, 32;
    %pushi/vec4 0, 0, 32;
    %store/vec4 v00000267976a5820_0, 0, 32;
    %pushi/vec4 0, 0, 32;
    %store/vec4 v00000267976a4ce0_0, 0, 32;
T_2.2 ;
    %load/vec4 v00000267976a4ce0_0;
    %cmpi/s 8, 0, 32;
    %jmp/0xz T_2.3, 5;
    %load/vec4 v00000267976a58c0_0;
    %parti/s 1, 31, 6;
    %flag_set/vec4 8;
    %jmp/0xz  T_2.4, 8;
    %load/vec4 v00000267976a58c0_0;
    %pad/u 34;
    %ix/load 4, 1, 0;
    %flag_set/imm 4, 0;
    %shiftl 4;
    %pushi/vec4 4043569601, 0, 33;
    %concati/vec4 1, 0, 1;
    %xor;
    %pushi/vec4 4294967295, 0, 34;
    %and;
    %pad/u 32;
    %store/vec4 v00000267976a58c0_0, 0, 32;
    %jmp T_2.5;
T_2.4 ;
    %load/vec4 v00000267976a58c0_0;
    %ix/load 4, 1, 0;
    %flag_set/imm 4, 0;
    %shiftl 4;
    %pushi/vec4 4294967295, 0, 32;
    %and;
    %store/vec4 v00000267976a58c0_0, 0, 32;
T_2.5 ;
    %load/vec4 v00000267976a4ce0_0;
    %addi 1, 0, 32;
    %store/vec4 v00000267976a4ce0_0, 0, 32;
    %jmp T_2.2;
T_2.3 ;
    %load/vec4 v00000267976a58c0_0;
    %store/vec4 v00000267976a5820_0, 0, 32;
    %jmp T_2;
    .thread T_2, $push;
    .scope S_0000026797620c30;
T_3 ;
    %wait E_000002679761d390;
    %load/vec4 v00000267976a5960_0;
    %nor/r;
    %flag_set/vec4 8;
    %jmp/0xz  T_3.0, 8;
    %pushi/vec4 4294967295, 0, 32;
    %assign/vec4 v00000267976a4d80_0, 0;
    %pushi/vec4 0, 0, 1;
    %assign/vec4 v00000267976a5460_0, 0;
    %pushi/vec4 0, 0, 32;
    %assign/vec4 v00000267976a5280_0, 0;
    %pushi/vec4 0, 0, 1;
    %assign/vec4 v00000267976a51e0_0, 0;
    %jmp T_3.1;
T_3.0 ;
    %load/vec4 v00000267976a4b00_0;
    %flag_set/vec4 8;
    %jmp/0xz  T_3.2, 8;
    %pushi/vec4 4294967295, 0, 32;
    %assign/vec4 v00000267976a4d80_0, 0;
    %pushi/vec4 0, 0, 1;
    %assign/vec4 v00000267976a5460_0, 0;
    %pushi/vec4 0, 0, 1;
    %assign/vec4 v00000267976a51e0_0, 0;
    %jmp T_3.3;
T_3.2 ;
    %load/vec4 v00000267976a5500_0;
    %flag_set/vec4 8;
    %jmp/0xz  T_3.4, 8;
    %load/vec4 v00000267976a5000_0;
    %assign/vec4 v00000267976a4d80_0, 0;
    %pushi/vec4 0, 0, 1;
    %assign/vec4 v00000267976a5460_0, 0;
    %pushi/vec4 1, 0, 1;
    %assign/vec4 v00000267976a51e0_0, 0;
    %jmp T_3.5;
T_3.4 ;
    %load/vec4 v00000267976a51e0_0;
    %flag_set/vec4 10;
    %flag_get/vec4 10;
    %jmp/0 T_3.9, 10;
    %load/vec4 v00000267976a5500_0;
    %nor/r;
    %and;
T_3.9;
    %flag_set/vec4 9;
    %flag_get/vec4 9;
    %jmp/0 T_3.8, 9;
    %load/vec4 v00000267976a5460_0;
    %nor/r;
    %and;
T_3.8;
    %flag_set/vec4 8;
    %jmp/0xz  T_3.6, 8;
    %load/vec4 v00000267976a4d80_0;
    %pushi/vec4 0, 0, 32;
    %xor;
    %pushi/vec4 4294967295, 0, 32;
    %and;
    %assign/vec4 v00000267976a5280_0, 0;
    %pushi/vec4 1, 0, 1;
    %assign/vec4 v00000267976a5460_0, 0;
T_3.6 ;
T_3.5 ;
T_3.3 ;
T_3.1 ;
    %jmp T_3;
    .thread T_3;
    .scope S_000002679761efb0;
T_4 ;
    %pushi/vec4 4, 0, 32;
    %store/vec4 v00000267976a7540_0, 0, 32;
    %end;
    .thread T_4;
    .scope S_000002679761efb0;
T_5 ;
    %pushi/vec4 0, 0, 1;
    %store/vec4 v00000267976a5320_0, 0, 1;
T_5.0 ;
    %delay 5, 0;
    %load/vec4 v00000267976a5320_0;
    %inv;
    %store/vec4 v00000267976a5320_0, 0, 1;
    %jmp T_5.0;
    %end;
    .thread T_5;
    .scope S_000002679761efb0;
T_6 ;
    %vpi_call 2 74 "$dumpfile", "crc_test.vcd" {0 0 0};
    %vpi_call 2 75 "$dumpvars", 32'sb00000000000000000000000000000000, S_000002679761efb0 {0 0 0};
    %end;
    .thread T_6;
    .scope S_000002679761efb0;
T_7 ;
    %vpi_call 2 81 "$display", "========= CRC\351\205\215\347\275\256\344\277\241\346\201\257 =========" {0 0 0};
    %vpi_call 2 85 "$display", "\345\275\223\345\211\215\344\275\277\347\224\250: \346\240\207\345\207\206\346\250\241\345\274\217" {0 0 0};
    %vpi_call 2 100 "$display", "CRC\345\256\275\345\272\246: %0d", 32'b00000000000000000000000000100000 {0 0 0};
    %vpi_call 2 101 "$display", "CRC\345\244\232\351\241\271\345\274\217: 0x%h", 36'b000111100010000001111111001110000011 {0 0 0};
    %vpi_call 2 102 "$display", "\345\210\235\345\247\213\345\200\274: 0x%h", 32'b11111111111111111111111111111111 {0 0 0};
    %vpi_call 2 103 "$display", "\350\276\223\345\205\245\345\217\215\350\275\254: %0d", 32'b00000000000000000000000000000000 {0 0 0};
    %vpi_call 2 104 "$display", "\350\276\223\345\207\272\345\217\215\350\275\254: %0d", 32'b00000000000000000000000000000000 {0 0 0};
    %vpi_call 2 105 "$display", "\347\273\223\346\236\234\345\274\202\346\210\226\345\200\274: 0x%h", 32'b00000000000000000000000000000000 {0 0 0};
    %vpi_call 2 106 "$display", "===============================" {0 0 0};
    %pushi/vec4 1, 0, 32;
    %store/vec4 v00000267976a5140_0, 0, 32;
T_7.0 ;
    %load/vec4 v00000267976a5140_0;
    %load/vec4 v00000267976a7540_0;
    %cmp/s;
    %flag_or 5, 4;
    %jmp/0xz T_7.1, 5;
    %pushi/vec4 1, 0, 1;
    %store/vec4 v00000267976a6320_0, 0, 1;
    %vpi_call 2 114 "$sformat", v00000267976a56e0_0, "../../dataset/Test_Model/input/test_data_c1_t%0d_input.dat", v00000267976a5140_0 {0 0 0};
    %vpi_call 2 115 "$sformat", v00000267976a75e0_0, "../../dataset/Test_Model/rtl_data/test_data_c1_t%0d_output.dat", v00000267976a5140_0 {0 0 0};
    %vpi_func 2 128 "$fopen" 32, v00000267976a56e0_0, "r" {0 0 0};
    %store/vec4 v00000267976a4c40_0, 0, 32;
    %load/vec4 v00000267976a4c40_0;
    %cmpi/e 0, 0, 32;
    %jmp/0xz  T_7.2, 4;
    %vpi_call 2 130 "$display", "\346\263\250\346\204\217: \346\226\207\344\273\266 %s \344\270\215\345\255\230\345\234\250\346\210\226\346\227\240\346\263\225\346\211\223\345\274\200\357\274\214\350\267\263\350\277\207", v00000267976a56e0_0 {0 0 0};
    %pushi/vec4 0, 0, 1;
    %store/vec4 v00000267976a6320_0, 0, 1;
T_7.2 ;
    %load/vec4 v00000267976a6320_0;
    %flag_set/vec4 8;
    %jmp/0xz  T_7.4, 8;
    %vpi_call 2 135 "$display", "\012===== \345\244\204\347\220\206\346\265\213\350\257\225 #%0d =====", v00000267976a5140_0 {0 0 0};
    %vpi_call 2 136 "$display", "\350\276\223\345\205\245\346\226\207\344\273\266: %s", v00000267976a56e0_0 {0 0 0};
    %vpi_func 2 139 "$fscanf" 32, v00000267976a4c40_0, "%d", v00000267976a4f60_0 {0 0 0};
    %store/vec4 v00000267976a7ae0_0, 0, 32;
    %load/vec4 v00000267976a7ae0_0;
    %cmpi/ne 1, 0, 32;
    %jmp/0xz  T_7.6, 4;
    %vpi_call 2 141 "$display", "\351\224\231\350\257\257: \346\227\240\346\263\225\350\257\273\345\217\226\346\225\260\346\215\256\351\225\277\345\272\246" {0 0 0};
    %vpi_call 2 142 "$fclose", v00000267976a4c40_0 {0 0 0};
    %pushi/vec4 0, 0, 1;
    %store/vec4 v00000267976a6320_0, 0, 1;
T_7.6 ;
T_7.4 ;
    %load/vec4 v00000267976a6320_0;
    %flag_set/vec4 8;
    %jmp/0xz  T_7.8, 8;
    %pushi/vec4 0, 0, 32;
    %store/vec4 v00000267976a4ba0_0, 0, 32;
    %pushi/vec4 1, 0, 1;
    %store/vec4 v00000267976a6320_0, 0, 1;
T_7.10 ;
    %load/vec4 v00000267976a4ba0_0;
    %load/vec4 v00000267976a4f60_0;
    %cmp/s;
    %flag_get/vec4 5;
    %jmp/0 T_7.12, 5;
    %load/vec4 v00000267976a6320_0;
    %and;
T_7.12;
    %flag_set/vec4 8;
    %jmp/0xz T_7.11, 8;
    %vpi_func 2 153 "$fscanf" 32, v00000267976a4c40_0, "%h", &A<v00000267976a6f00, v00000267976a4ba0_0 > {0 0 0};
    %store/vec4 v00000267976a7ae0_0, 0, 32;
    %load/vec4 v00000267976a7ae0_0;
    %cmpi/ne 1, 0, 32;
    %jmp/0xz  T_7.13, 4;
    %vpi_call 2 155 "$display", "\351\224\231\350\257\257: \346\227\240\346\263\225\350\257\273\345\217\226\345\255\227\350\212\202 %d", v00000267976a4ba0_0 {0 0 0};
    %pushi/vec4 0, 0, 1;
    %store/vec4 v00000267976a6320_0, 0, 1;
    %jmp T_7.14;
T_7.13 ;
    %load/vec4 v00000267976a4ba0_0;
    %addi 1, 0, 32;
    %store/vec4 v00000267976a4ba0_0, 0, 32;
T_7.14 ;
    %jmp T_7.10;
T_7.11 ;
    %vpi_call 2 163 "$fclose", v00000267976a4c40_0 {0 0 0};
T_7.8 ;
    %load/vec4 v00000267976a6320_0;
    %flag_set/vec4 8;
    %jmp/0xz  T_7.15, 8;
    %vpi_call 2 168 "$display", "\346\225\260\346\215\256\351\225\277\345\272\246: %d \345\255\227\350\212\202", v00000267976a4f60_0 {0 0 0};
    %pushi/vec4 0, 0, 1;
    %store/vec4 v00000267976a6640_0, 0, 1;
    %pushi/vec4 0, 0, 1;
    %store/vec4 v00000267976a4a60_0, 0, 1;
    %pushi/vec4 0, 0, 1;
    %store/vec4 v00000267976a6d20_0, 0, 1;
    %pushi/vec4 0, 0, 8;
    %store/vec4 v00000267976a5640_0, 0, 8;
    %delay 20, 0;
    %pushi/vec4 1, 0, 1;
    %store/vec4 v00000267976a6640_0, 0, 1;
    %delay 20, 0;
    %pushi/vec4 1, 0, 1;
    %store/vec4 v00000267976a6d20_0, 0, 1;
    %delay 10, 0;
    %pushi/vec4 0, 0, 1;
    %store/vec4 v00000267976a6d20_0, 0, 1;
    %pushi/vec4 0, 0, 32;
    %store/vec4 v00000267976a4ba0_0, 0, 32;
T_7.17 ;
    %load/vec4 v00000267976a4ba0_0;
    %load/vec4 v00000267976a4f60_0;
    %cmp/s;
    %jmp/0xz T_7.18, 5;
    %ix/getv/s 4, v00000267976a4ba0_0;
    %load/vec4a v00000267976a6f00, 4;
    %store/vec4 v00000267976a5640_0, 0, 8;
    %pushi/vec4 1, 0, 1;
    %store/vec4 v00000267976a4a60_0, 0, 1;
    %delay 10, 0;
    %load/vec4 v00000267976a4ba0_0;
    %addi 1, 0, 32;
    %store/vec4 v00000267976a4ba0_0, 0, 32;
    %jmp T_7.17;
T_7.18 ;
    %pushi/vec4 0, 0, 1;
    %store/vec4 v00000267976a4a60_0, 0, 1;
T_7.19 ;
    %load/vec4 v00000267976a4ec0_0;
    %cmpi/ne 1, 0, 1;
    %jmp/0xz T_7.20, 6;
    %wait E_000002679761d490;
    %jmp T_7.19;
T_7.20 ;
    %delay 10, 0;
    %vpi_call 2 201 "$display", "CRC\347\273\223\346\236\234: 0x%h", v00000267976a55a0_0 {0 0 0};
    %vpi_func 2 204 "$fopen" 32, v00000267976a75e0_0, "w" {0 0 0};
    %store/vec4 v00000267976a7220_0, 0, 32;
    %load/vec4 v00000267976a7220_0;
    %cmpi/e 0, 0, 32;
    %jmp/0xz  T_7.21, 4;
    %vpi_call 2 206 "$display", "\351\224\231\350\257\257: \346\227\240\346\263\225\346\211\223\345\274\200\350\276\223\345\207\272\346\226\207\344\273\266 %s", v00000267976a75e0_0 {0 0 0};
    %jmp T_7.22;
T_7.21 ;
    %vpi_call 2 209 "$fdisplay", v00000267976a7220_0, "%h", v00000267976a55a0_0 {0 0 0};
    %vpi_call 2 211 "$fclose", v00000267976a7220_0 {0 0 0};
    %vpi_call 2 212 "$display", "\347\273\223\346\236\234\345\267\262\344\277\235\345\255\230\345\210\260: %s", v00000267976a75e0_0 {0 0 0};
T_7.22 ;
T_7.15 ;
    %load/vec4 v00000267976a5140_0;
    %addi 1, 0, 32;
    %store/vec4 v00000267976a5140_0, 0, 32;
    %jmp T_7.0;
T_7.1 ;
    %vpi_call 2 217 "$display", "\012\346\265\213\350\257\225\345\256\214\346\210\220" {0 0 0};
    %vpi_call 2 218 "$finish" {0 0 0};
    %end;
    .thread T_7;
# The file index is used to find the file name in the following table.
:file_names 5;
    "N/A";
    "<interactive>";
    "crc_tb.v";
    "./../src/crc.v";
    "../src/crc_process_byte.v";
